#
# There is insufficient memory for the Java Runtime Environment to continue.
# Native memory allocation (malloc) failed to allocate 32744 bytes for ChunkPool::allocate
# Possible reasons:
#   The system is out of physical RAM or swap space
#   In 32 bit mode, the process size limit was hit
# Possible solutions:
#   Reduce memory load on the system
#   Increase physical memory or swap space
#   Check if swap backing store is full
#   Use 64 bit Java on a 64 bit OS
#   Decrease Java heap size (-Xmx/-Xms)
#   Decrease number of Java threads
#   Decrease Java thread stack sizes (-Xss)
#   Set larger code cache with -XX:ReservedCodeCacheSize=
# This output file may be truncated or incomplete.
#
#  Out of Memory Error (allocation.cpp:273), pid=173584, tid=0x000000000002a548
#
# JRE version: OpenJDK Runtime Environment (8.0_152-b02) (build 1.8.0_152-release-1024-b02)
# Java VM: OpenJDK 64-Bit Server VM (25.152-b02 mixed mode windows-amd64 compressed oops)
# Failed to write core dump. Minidumps are not enabled by default on client versions of Windows
#

---------------  T H R E A D  ---------------

Current thread (0x000000001312c000):  JavaThread "C2 CompilerThread1" daemon [_thread_in_native, id=173384, stack(0x0000000014830000,0x0000000014930000)]

Stack: [0x0000000014830000,0x0000000014930000]
[error occurred during error reporting (printing stack bounds), id 0xc0000005]

Native frames: (J=compiled Java code, j=interpreted, Vv=VM code, C=native code)


Current CompileTask:
C2:  13245  808       4       sun.nio.fs.WindowsPath::relativize (223 bytes)


---------------  P R O C E S S  ---------------

Java Threads: ( => current thread )
  0x000000001493f000 JavaThread "Service Thread" daemon [_thread_blocked, id=167892, stack(0x0000000014e30000,0x0000000014f30000)]
  0x0000000014938800 JavaThread "C1 CompilerThread2" daemon [_thread_blocked, id=172948, stack(0x0000000014d30000,0x0000000014e30000)]
=>0x000000001312c000 JavaThread "C2 CompilerThread1" daemon [_thread_in_native, id=173384, stack(0x0000000014830000,0x0000000014930000)]
  0x00000000130e1000 JavaThread "C2 CompilerThread0" daemon [_thread_blocked, id=171072, stack(0x0000000014730000,0x0000000014830000)]
  0x00000000130df800 JavaThread "Attach Listener" daemon [_thread_blocked, id=173652, stack(0x0000000014630000,0x0000000014730000)]
  0x00000000130de800 JavaThread "Signal Dispatcher" daemon [_thread_blocked, id=171940, stack(0x0000000014530000,0x0000000014630000)]
  0x00000000130c0000 JavaThread "Finalizer" daemon [_thread_blocked, id=171692, stack(0x0000000014340000,0x0000000014440000)]
  0x0000000002d1b800 JavaThread "Reference Handler" daemon [_thread_blocked, id=173492, stack(0x0000000014240000,0x0000000014340000)]
  0x0000000002c2b800 JavaThread "main" [_thread_in_native, id=151704, stack(0x0000000002ab0000,0x0000000002bb0000)]

Other Threads:
  0x0000000013096000 VMThread [stack: 0x0000000014140000,0x0000000014240000] [id=171056]
  0x0000000014941000 WatcherThread [stack: 0x0000000014f30000,0x0000000015030000] [id=145752]

VM state:not at safepoint (normal execution)

VM Mutex/Monitor currently owned by a thread: None

Heap:
 PSYoungGen      total 18944K, used 9383K [0x00000000feb00000, 0x0000000100000000, 0x0000000100000000)
  eden space 16384K, 41% used [0x00000000feb00000,0x00000000ff1adad0,0x00000000ffb00000)
  from space 2560K, 99% used [0x00000000ffd80000,0x00000000ffffc330,0x0000000100000000)
  to   space 2560K, 0% used [0x00000000ffb00000,0x00000000ffb00000,0x00000000ffd80000)
 ParOldGen       total 44032K, used 5735K [0x00000000fc000000, 0x00000000feb00000, 0x00000000feb00000)
  object space 44032K, 13% used [0x00000000fc000000,0x00000000fc599cb0,0x00000000feb00000)
 Metaspace       used 6990K, capacity 7176K, committed 7424K, reserved 1056768K
  class space    used 817K, capacity 906K, committed 1024K, reserved 1048576K

Card table byte_map: [0x0000000002be0000,0x0000000002c10000] byte_map_base: 0x0000000002400000

Marking Bits: (ParMarkBitMap*) 0x000000006dff4970
 Begin Bits: [0x0000000012500000, 0x0000000012600000)
 End Bits:   [0x0000000012600000, 0x0000000012700000)

Polling page: 0x0000000002bb0000

CodeCache: size=245760Kb used=2916Kb max_used=2916Kb free=242843Kb
 bounds [0x0000000002d20000, 0x0000000003000000, 0x0000000011d20000]
 total_blobs=1128 nmethods=807 adapters=235
 compilation: enabled

Compilation events (10 events):
Event: 12.977 Thread 0x0000000014938800 nmethod 801 0x0000000002ff5c90 code [0x0000000002ff5e40, 0x0000000002ff63a8]
Event: 12.988 Thread 0x0000000014938800  803       3       sun.nio.fs.WindowsFileSystemProvider::newDirectoryStream (31 bytes)
Event: 12.989 Thread 0x0000000014938800 nmethod 803 0x0000000002ff6910 code [0x0000000002ff6b00, 0x0000000002ff74a8]
Event: 12.989 Thread 0x0000000014938800  804   !   3       sun.nio.fs.WindowsDirectoryStream::iterator (66 bytes)
Event: 12.990 Thread 0x0000000014938800 nmethod 804 0x0000000002ff7850 code [0x0000000002ff7a00, 0x0000000002ff7fc8]
Event: 12.990 Thread 0x0000000014938800  805       3       sun.nio.fs.WindowsDirectoryStream$WindowsDirectoryIterator::<init> (73 bytes)
Event: 12.991 Thread 0x0000000014938800 nmethod 805 0x0000000002ff82d0 code [0x0000000002ff84c0, 0x0000000002ff8f38]
Event: 13.098 Thread 0x0000000014938800  807       3       sun.nio.fs.WindowsPath::needsSlashWhenResolving (37 bytes)
Event: 13.098 Thread 0x0000000014938800 nmethod 807 0x0000000002ff96d0 code [0x0000000002ff9860, 0x0000000002ff9e28]
Event: 13.134 Thread 0x000000001312c000  808       4       sun.nio.fs.WindowsPath::relativize (223 bytes)

GC Heap History (4 events):
Event: 9.249 GC heap before
{Heap before GC invocations=1 (full 0):
 PSYoungGen      total 18944K, used 16384K [0x00000000feb00000, 0x0000000100000000, 0x0000000100000000)
  eden space 16384K, 100% used [0x00000000feb00000,0x00000000ffb00000,0x00000000ffb00000)
  from space 2560K, 0% used [0x00000000ffd80000,0x00000000ffd80000,0x0000000100000000)
  to   space 2560K, 0% used [0x00000000ffb00000,0x00000000ffb00000,0x00000000ffd80000)
 ParOldGen       total 44032K, used 0K [0x00000000fc000000, 0x00000000feb00000, 0x00000000feb00000)
  object space 44032K, 0% used [0x00000000fc000000,0x00000000fc000000,0x00000000feb00000)
 Metaspace       used 6730K, capacity 6938K, committed 7040K, reserved 1056768K
  class space    used 791K, capacity 871K, committed 896K, reserved 1048576K
Event: 9.256 GC heap after
Heap after GC invocations=1 (full 0):
 PSYoungGen      total 18944K, used 2534K [0x00000000feb00000, 0x0000000100000000, 0x0000000100000000)
  eden space 16384K, 0% used [0x00000000feb00000,0x00000000feb00000,0x00000000ffb00000)
  from space 2560K, 99% used [0x00000000ffb00000,0x00000000ffd79ae0,0x00000000ffd80000)
  to   space 2560K, 0% used [0x00000000ffd80000,0x00000000ffd80000,0x0000000100000000)
 ParOldGen       total 44032K, used 1297K [0x00000000fc000000, 0x00000000feb00000, 0x00000000feb00000)
  object space 44032K, 2% used [0x00000000fc000000,0x00000000fc144670,0x00000000feb00000)
 Metaspace       used 6730K, capacity 6938K, committed 7040K, reserved 1056768K
  class space    used 791K, capacity 871K, committed 896K, reserved 1048576K
}
Event: 12.865 GC heap before
{Heap before GC invocations=2 (full 0):
 PSYoungGen      total 18944K, used 18918K [0x00000000feb00000, 0x0000000100000000, 0x0000000100000000)
  eden space 16384K, 100% used [0x00000000feb00000,0x00000000ffb00000,0x00000000ffb00000)
  from space 2560K, 99% used [0x00000000ffb00000,0x00000000ffd79ae0,0x00000000ffd80000)
  to   space 2560K, 0% used [0x00000000ffd80000,0x00000000ffd80000,0x0000000100000000)
 ParOldGen       total 44032K, used 1297K [0x00000000fc000000, 0x00000000feb00000, 0x00000000feb00000)
  object space 44032K, 2% used [0x00000000fc000000,0x00000000fc144670,0x00000000feb00000)
 Metaspace       used 6942K, capacity 7144K, committed 7296K, reserved 1056768K
  class space    used 811K, capacity 874K, committed 896K, reserved 1048576K
Event: 12.881 GC heap after
Heap after GC invocations=2 (full 0):
 PSYoungGen      total 18944K, used 2544K [0x00000000feb00000, 0x0000000100000000, 0x0000000100000000)
  eden space 16384K, 0% used [0x00000000feb00000,0x00000000feb00000,0x00000000ffb00000)
  from space 2560K, 99% used [0x00000000ffd80000,0x00000000ffffc330,0x0000000100000000)
  to   space 2560K, 0% used [0x00000000ffb00000,0x00000000ffb00000,0x00000000ffd80000)
 ParOldGen       total 44032K, used 5735K [0x00000000fc000000, 0x00000000feb00000, 0x00000000feb00000)
  object space 44032K, 13% used [0x00000000fc000000,0x00000000fc599cb0,0x00000000feb00000)
 Metaspace       used 6942K, capacity 7144K, committed 7296K, reserved 1056768K
  class space    used 811K, capacity 874K, committed 896K, reserved 1048576K
}

Deoptimization events (10 events):
Event: 9.206 Thread 0x0000000002c2b800 Uncommon trap: reason=unstable_if action=reinterpret pc=0x0000000002f7512c method=java.util.zip.ZipFile$ZipEntryIterator.hasNext()Z @ 25
Event: 9.206 Thread 0x0000000002c2b800 Uncommon trap: reason=unstable_if action=reinterpret pc=0x0000000002f7b6a8 method=java.util.zip.ZipCoder.decoder()Ljava/nio/charset/CharsetDecoder; @ 4
Event: 9.206 Thread 0x0000000002c2b800 Uncommon trap: reason=unstable_if action=reinterpret pc=0x0000000002f738d8 method=java.util.zip.ZipEntry.setExtra0([BZ)V @ 1
Event: 9.210 Thread 0x0000000002c2b800 Uncommon trap: reason=unstable_if action=reinterpret pc=0x0000000002f702c8 method=java.util.zip.ZipFile$ZipEntryIterator.hasNext()Z @ 25
Event: 9.210 Thread 0x0000000002c2b800 Uncommon trap: reason=unstable_if action=reinterpret pc=0x0000000002f7e078 method=java.util.zip.ZipCoder.decoder()Ljava/nio/charset/CharsetDecoder; @ 4
Event: 9.220 Thread 0x0000000002c2b800 Uncommon trap: reason=unstable_if action=reinterpret pc=0x0000000002f8074c method=java.util.zip.ZipCoder.decoder()Ljava/nio/charset/CharsetDecoder; @ 4
Event: 9.356 Thread 0x0000000002c2b800 Uncommon trap: reason=unstable_if action=reinterpret pc=0x0000000002f82c0c method=java.util.zip.ZipCoder.decoder()Ljava/nio/charset/CharsetDecoder; @ 4
Event: 9.357 Thread 0x0000000002c2b800 Uncommon trap: reason=unstable_if action=reinterpret pc=0x0000000002f7789c method=java.util.zip.ZipCoder.decoder()Ljava/nio/charset/CharsetDecoder; @ 4
Event: 9.360 Thread 0x0000000002c2b800 Uncommon trap: reason=unstable_if action=reinterpret pc=0x0000000002f70c2c method=java.util.zip.ZipCoder.decoder()Ljava/nio/charset/CharsetDecoder; @ 4
Event: 12.758 Thread 0x0000000002c2b800 Uncommon trap: reason=unloaded action=reinterpret pc=0x0000000002f791fc method=java.util.zip.ZipEntry.setExtra0([BZ)V @ 37

Classes redefined (0 events):
No events

Internal exceptions (10 events):
Event: 9.210 Thread 0x0000000002c2b800 Implicit null exception at 0x0000000002f7d74c to 0x0000000002f7e039
Event: 9.220 Thread 0x0000000002c2b800 Implicit null exception at 0x0000000002f7fd85 to 0x0000000002f8070d
Event: 9.348 Thread 0x0000000002c2b800 Implicit null exception at 0x0000000002f82245 to 0x0000000002f82bcd
Event: 9.357 Thread 0x0000000002c2b800 Implicit null exception at 0x0000000002f772a4 to 0x0000000002f7786d
Event: 9.360 Thread 0x0000000002c2b800 Implicit null exception at 0x0000000002f707b8 to 0x0000000002f70c11
Event: 12.475 Thread 0x0000000002c2b800 Exception <a 'sun/nio/fs/WindowsException'> (0x00000000ff2641b8) thrown at [D:\src\AOSP-openjdk-cygwin\jdk8u\hotspot\src\share\vm\prims\jni.cpp, line 709]
Event: 12.475 Thread 0x0000000002c2b800 Exception <a 'sun/nio/fs/WindowsException'> (0x00000000ff264788) thrown at [D:\src\AOSP-openjdk-cygwin\jdk8u\hotspot\src\share\vm\prims\jni.cpp, line 709]
Event: 12.475 Thread 0x0000000002c2b800 Exception <a 'sun/nio/fs/WindowsException'> (0x00000000ff264d80) thrown at [D:\src\AOSP-openjdk-cygwin\jdk8u\hotspot\src\share\vm\prims\jni.cpp, line 709]
Event: 12.475 Thread 0x0000000002c2b800 Exception <a 'sun/nio/fs/WindowsException'> (0x00000000ff265550) thrown at [D:\src\AOSP-openjdk-cygwin\jdk8u\hotspot\src\share\vm\prims\jni.cpp, line 709]
Event: 12.488 Thread 0x0000000002c2b800 Exception <a 'sun/nio/fs/WindowsException'> (0x00000000ff26a558) thrown at [D:\src\AOSP-openjdk-cygwin\jdk8u\hotspot\src\share\vm\prims\jni.cpp, line 709]

Events (10 events):
Event: 12.902 loading class com/google/devtools/build/android/desugar/DirectoryOutputFileProvider
Event: 12.902 loading class com/google/devtools/build/android/desugar/DirectoryOutputFileProvider done
Event: 12.904 loading class com/google/devtools/build/android/desugar/DependencyCollector$NoWriteCollectors
Event: 12.904 loading class com/google/devtools/build/android/desugar/DependencyCollector$NoWriteCollectors done
Event: 12.905 loading class com/google/devtools/build/android/desugar/DependencyCollector$NoWriteCollectors$1
Event: 12.905 loading class com/google/devtools/build/android/desugar/DependencyCollector$NoWriteCollectors$1 done
Event: 13.088 loading class com/google/common/collect/ImmutableSet$Builder
Event: 13.088 loading class com/google/common/collect/ImmutableSet$Builder done
Event: 13.088 loading class com/google/devtools/build/android/desugar/ClassVsInterface
Event: 13.088 loading class com/google/devtools/build/android/desugar/ClassVsInterface done


Dynamic libraries:
0x00007ff6c7420000 - 0x00007ff6c7451000 	C:\Program Files\Android\Android Studio1\jre\bin\java.exe
0x00007ff92c070000 - 0x00007ff92c232000 	C:\Windows\SYSTEM32\ntdll.dll
0x00007ff92b2f0000 - 0x00007ff92b39d000 	C:\Windows\system32\KERNEL32.DLL
0x00007ff928b90000 - 0x00007ff928d6d000 	C:\Windows\system32\KERNELBASE.dll
0x00007ff92bc10000 - 0x00007ff92bcb6000 	C:\Windows\system32\ADVAPI32.dll
0x00007ff92bdf0000 - 0x00007ff92be8d000 	C:\Windows\system32\msvcrt.dll
0x00007ff92bf60000 - 0x00007ff92bfbb000 	C:\Windows\system32\sechost.dll
0x00007ff92bcc0000 - 0x00007ff92bde6000 	C:\Windows\system32\RPCRT4.dll
0x00007ff92b3a0000 - 0x00007ff92b4ee000 	C:\Windows\system32\USER32.dll
0x00007ff92b4f0000 - 0x00007ff92b673000 	C:\Windows\system32\GDI32.dll
0x00007ff920a40000 - 0x00007ff920cb4000 	C:\Windows\WinSxS\amd64_microsoft.windows.common-controls_6595b64144ccf1df_6.0.10240.17184_none_f41d7a705752bce6\COMCTL32.dll
0x00007ff92bf20000 - 0x00007ff92bf56000 	C:\Windows\system32\IMM32.DLL
0x00007ff92b850000 - 0x00007ff92b9ac000 	C:\Windows\system32\MSCTF.dll
0x000000006d750000 - 0x000000006d822000 	C:\Program Files\Android\Android Studio1\jre\jre\bin\msvcr100.dll
0x000000006d830000 - 0x000000006e06f000 	C:\Program Files\Android\Android Studio1\jre\jre\bin\server\jvm.dll
0x00007ff92bf10000 - 0x00007ff92bf18000 	C:\Windows\system32\PSAPI.DLL
0x00007ff91b600000 - 0x00007ff91b609000 	C:\Windows\SYSTEM32\WSOCK32.dll
0x00007ff92bae0000 - 0x00007ff92bb49000 	C:\Windows\system32\WS2_32.dll
0x00007ff9299d0000 - 0x00007ff9299d8000 	C:\Windows\system32\NSI.dll
0x00007ff926e60000 - 0x00007ff926e83000 	C:\Windows\SYSTEM32\WINMM.dll
0x00007ff91fdf0000 - 0x00007ff91fdfa000 	C:\Windows\SYSTEM32\VERSION.dll
0x00007ff926a20000 - 0x00007ff926a4c000 	C:\Windows\SYSTEM32\WINMMBASE.dll
0x00007ff9296e0000 - 0x00007ff929724000 	C:\Windows\system32\cfgmgr32.dll
0x00007ff927350000 - 0x00007ff927377000 	C:\Windows\SYSTEM32\DEVOBJ.dll
0x00007ff91b460000 - 0x00007ff91b46f000 	C:\Program Files\Android\Android Studio1\jre\jre\bin\verify.dll
0x00007ff9180a0000 - 0x00007ff9180c9000 	C:\Program Files\Android\Android Studio1\jre\jre\bin\java.dll
0x00007ff917d40000 - 0x00007ff917d56000 	C:\Program Files\Android\Android Studio1\jre\jre\bin\zip.dll
0x00007ff929b30000 - 0x00007ff92b053000 	C:\Windows\system32\SHELL32.dll
0x00007ff928ff0000 - 0x00007ff929619000 	C:\Windows\system32\windows.storage.dll
0x00007ff929730000 - 0x00007ff9299ac000 	C:\Windows\system32\combase.dll
0x00007ff92bbb0000 - 0x00007ff92bc01000 	C:\Windows\system32\shlwapi.dll
0x00007ff928ab0000 - 0x00007ff928abf000 	C:\Windows\system32\kernel.appcore.dll
0x00007ff929620000 - 0x00007ff9296d3000 	C:\Windows\system32\shcore.dll
0x00007ff928ac0000 - 0x00007ff928b0a000 	C:\Windows\system32\powrprof.dll
0x00007ff928b10000 - 0x00007ff928b23000 	C:\Windows\system32\profapi.dll
0x00007ff928300000 - 0x00007ff928317000 	C:\Windows\SYSTEM32\CRYPTSP.dll
0x00007ff9289c0000 - 0x00007ff9289e8000 	C:\Windows\SYSTEM32\bcrypt.dll
0x00007ff927f50000 - 0x00007ff927f83000 	C:\Windows\system32\rsaenh.dll
0x00007ff9280f0000 - 0x00007ff92810f000 	C:\Windows\SYSTEM32\USERENV.dll
0x00007ff9288b0000 - 0x00007ff92891b000 	C:\Windows\system32\bcryptprimitives.dll
0x00007ff928450000 - 0x00007ff92845b000 	C:\Windows\SYSTEM32\CRYPTBASE.dll
0x00007ff917190000 - 0x00007ff9171aa000 	C:\Program Files\Android\Android Studio1\jre\jre\bin\net.dll
0x00007ff9282a0000 - 0x00007ff9282fd000 	C:\Windows\system32\mswsock.dll
0x00007ff926890000 - 0x00007ff9268c8000 	C:\Windows\SYSTEM32\IPHLPAPI.DLL
0x00007ff926740000 - 0x00007ff92674b000 	C:\Windows\SYSTEM32\WINNSI.DLL
0x00007ff925310000 - 0x00007ff925326000 	C:\Windows\SYSTEM32\dhcpcsvc6.DLL
0x00007ff9252f0000 - 0x00007ff92530a000 	C:\Windows\SYSTEM32\dhcpcsvc.DLL
0x00007ff917170000 - 0x00007ff917181000 	C:\Program Files\Android\Android Studio1\jre\jre\bin\nio.dll

VM Arguments:
jvm_args: -Djava.awt.headless=true -Xmx64M -Dfile.encoding=windows-1252 -Duser.country=US -Duser.language=en -Duser.variant 
java_command: com.google.devtools.build.android.desugar.Desugar --input C:\Users\ALEXANDRE\AndroidStudioProjects\eMarket\app\build\intermediates\classes\debug --output C:\Users\ALEXANDRE\AndroidStudioProjects\eMarket\app\build\intermediates\transforms\desugar\debug\0 --classpath_entry C:\Users\ALEXANDRE\AndroidStudioProjects\eMarket\app\build\intermediates\classes\debug --classpath_entry C:\Users\ALEXANDRE\AndroidStudioProjects\eMarket\app\build\intermediates\transforms\stackFramesFixer\debug\142.jar --classpath_entry C:\Users\ALEXANDRE\AndroidStudioProjects\eMarket\app\build\intermediates\transforms\stackFramesFixer\debug\141.jar --classpath_entry C:\Users\ALEXANDRE\AndroidStudioProjects\eMarket\app\build\intermediates\transforms\stackFramesFixer\debug\136.jar --classpath_entry C:\Users\ALEXANDRE\AndroidStudioProjects\eMarket\app\build\intermediates\transforms\stackFramesFixer\debug\101.jar --classpath_entry C:\Users\ALEXANDRE\AndroidStudioProjects\eMarket\app\build\intermediates\transforms\stackFramesFixer\debug\49.jar --classpath_entry C:\Users\ALEXANDRE\AndroidStudioProjects\eMarket\app\build\intermediates\transforms\stackFramesFixer\debug\57.jar --classpath_entry C:\Users\ALEXANDRE\AndroidStudioProjects\eMarket\app\build\intermediates\transforms\stackFramesFixer\debug\40.jar --classpath_entry C:\Users\ALEXANDRE\AndroidStudioProjects\eMarket\app\build\intermediates\transforms\stackFramesFixer\debug\83.jar --classpath_entry C:\Users\ALEXANDRE\AndroidStudioProjects\eMarket\app\build\intermediates\transforms\stackFramesFixer\debug\14.jar --classpath_entry C:\Users\ALEXANDRE\AndroidStudioProjects\eMarket\app\build\intermediates\transforms\stackFramesFixer\debug\118.jar --classpath_entry C:\Users\ALEXANDRE\AndroidStudioProjects\eMarket\app\build\intermediates\transforms\stackFramesFixer\debug\73.jar --classpath_entry C:\Users\ALEXANDRE\AndroidStudioProjects\eMarket\app\build\intermediates\transforms\stackFramesFixer\debug\30.jar --classpath_entry C:\Users\ALEXANDRE
java_class_path (initial): C:\Users\ALEXANDRE\AppData\Local\Temp\desugar_deploy.jar7844755414986109156
Launcher Type: SUN_STANDARD

Environment Variables:
JAVA_HOME=C:\Program Files\Java\jdk1.8.0_121
PATH=C:\ProgramData\Oracle\Java\javapath;C:\Windows\system32;C:\Windows;C:\Windows\System32\Wbem;C:\Windows\System32\WindowsPowerShell\v1.0\;C:\Qt\Qt5.6.2\5.6\mingw49_32\bin;C:\Qt\Qt5.6.2\Tools\QtCreator\bin;C:\vstudio;C:\Program Files\Java\jdk1.8.0_121\bin;C:\Qt\Qt5.6.2\5.6\mingw49_32\bin;C:\Qt\Qt5.6.2\Tools\mingw492_32;C:\Program Files (x86)\Windows Kits\8.1\Windows Performance Toolkit\;C:\Program Files (x86)\Microsoft Emulator Manager\1.0\C:\MinGW\bin;C:\MinGW\include;C:\MinGW\mingw32\bin;C:\Qt\Qt5.6.2\Tools\mingw492_32\bin;C:\Users\ALEXANDRE\Desktop\gradle-3.5\bin;C:\Program Files\Android\Android Studio\bin;C:\Program Files\Microsoft\Web Platform Installer\;C:\Program Files (x86)\Microsoft ASP.NET\ASP.NET Web Pages\v1.0\;C:\Program Files\Microsoft SQL Server\110\Tools\Binn\;C:\Program Files (x86)\MATLAB\R2013\runtime\win32;C:\Program Files (x86)\MATLAB\R2013\bin;C:\Program Files (x86)\Common Files\lenovo\easyplussdk\bin;C:\android-studio-ide-162.3934792-windows\android-studio\gradle\gradle-4.6-bin;C:\Users\ALEXANDRE\Desktop\bin;C:\Program Files (x86)\Git\cmd;C:\Program Files\Java\jre7\bin;;C:\Program Files (x86)\Microsoft VS Code\bin
USERNAME=ALEXANDRE
OS=Windows_NT
PROCESSOR_IDENTIFIER=Intel64 Family 6 Model 42 Stepping 7, GenuineIntel



---------------  S Y S T E M  ---------------

OS: Windows 10.0 , 64 bit Build 10240 (10.0.10240.17113)

CPU:total 4 (initial active 4) (2 cores per cpu, 2 threads per core) family 6 model 42 stepping 7, cmov, cx8, fxsr, mmx, sse, sse2, sse3, ssse3, sse4.1, sse4.2, popcnt, avx, clmul, ht, tsc, tscinvbit

Memory: 4k page, physical 4140908k(538400k free), swap 5575532k(1084k free)

vm_info: OpenJDK 64-Bit Server VM (25.152-b02) for windows-amd64 JRE (1.8.0_152-release-1024-b02), built by "builder" with MS VC++ 10.0 (VS2010)

time: Sun Nov 18 21:01:04 2018
elapsed time: 13 seconds (0d 0h 0m 13s)

