#
# There is insufficient memory for the Java Runtime Environment to continue.
# Native memory allocation (malloc) failed to allocate 32744 bytes for ChunkPool::allocate
# Possible reasons:
#   The system is out of physical RAM or swap space
#   In 32 bit mode, the process size limit was hit
# Possible solutions:
#   Reduce memory load on the system
#   Increase physical memory or swap space
#   Check if swap backing store is full
#   Use 64 bit Java on a 64 bit OS
#   Decrease Java heap size (-Xmx/-Xms)
#   Decrease number of Java threads
#   Decrease Java thread stack sizes (-Xss)
#   Set larger code cache with -XX:ReservedCodeCacheSize=
# This output file may be truncated or incomplete.
#
#  Out of Memory Error (allocation.cpp:273), pid=41772, tid=0x00000000000069c0
#
# JRE version: OpenJDK Runtime Environment (8.0_152-b02) (build 1.8.0_152-release-1024-b02)
# Java VM: OpenJDK 64-Bit Server VM (25.152-b02 mixed mode windows-amd64 compressed oops)
# Failed to write core dump. Minidumps are not enabled by default on client versions of Windows
#

---------------  T H R E A D  ---------------

Current thread (0x0000000012824800):  JavaThread "C2 CompilerThread1" daemon [_thread_in_vm, id=27072, stack(0x0000000013f60000,0x0000000014060000)]

Stack: [0x0000000013f60000,0x0000000014060000]
[error occurred during error reporting (printing stack bounds), id 0xc0000005]

Native frames: (J=compiled Java code, j=interpreted, Vv=VM code, C=native code)


---------------  P R O C E S S  ---------------

Java Threads: ( => current thread )
  0x0000000012828000 JavaThread "C1 CompilerThread2" daemon [_thread_blocked, id=36308, stack(0x0000000014060000,0x0000000014160000)]
=>0x0000000012824800 JavaThread "C2 CompilerThread1" daemon [_thread_in_vm, id=27072, stack(0x0000000013f60000,0x0000000014060000)]
  0x0000000012820800 JavaThread "C2 CompilerThread0" daemon [_thread_in_vm, id=41544, stack(0x0000000013e60000,0x0000000013f60000)]
  0x000000001282e000 JavaThread "Attach Listener" daemon [_thread_blocked, id=40712, stack(0x0000000013d60000,0x0000000013e60000)]
  0x000000001282c800 JavaThread "Signal Dispatcher" daemon [_thread_blocked, id=36828, stack(0x0000000013c60000,0x0000000013d60000)]
  0x00000000024be800 JavaThread "Finalizer" daemon [_thread_blocked, id=37176, stack(0x0000000013a80000,0x0000000013b80000)]
  0x00000000024b9000 JavaThread "Reference Handler" daemon [_thread_blocked, id=39244, stack(0x0000000013980000,0x0000000013a80000)]
  0x00000000023c8800 JavaThread "main" [_thread_in_vm, id=41756, stack(0x00000000022c0000,0x00000000023c0000)]

Other Threads:
  0x00000000127e6000 VMThread [stack: 0x0000000013880000,0x0000000013980000] [id=41360]

VM state:not at safepoint (normal execution)

VM Mutex/Monitor currently owned by a thread: None

Heap:
 PSYoungGen      total 18944K, used 655K [0x00000000feb00000, 0x0000000100000000, 0x0000000100000000)
  eden space 16384K, 4% used [0x00000000feb00000,0x00000000feba3ed8,0x00000000ffb00000)
  from space 2560K, 0% used [0x00000000ffd80000,0x00000000ffd80000,0x0000000100000000)
  to   space 2560K, 0% used [0x00000000ffb00000,0x00000000ffb00000,0x00000000ffd80000)
 ParOldGen       total 44032K, used 0K [0x00000000fc000000, 0x00000000feb00000, 0x00000000feb00000)
  object space 44032K, 0% used [0x00000000fc000000,0x00000000fc000000,0x00000000feb00000)
 Metaspace       used 2130K, capacity 4480K, committed 4480K, reserved 1056768K
  class space    used 227K, capacity 384K, committed 384K, reserved 1048576K

Card table byte_map: [0x00000000021e0000,0x0000000002210000] byte_map_base: 0x0000000001a00000

Marking Bits: (ParMarkBitMap*) 0x00000000728c4970
 Begin Bits: [0x0000000011c80000, 0x0000000011d80000)
 End Bits:   [0x0000000011d80000, 0x0000000011e80000)

Polling page: 0x00000000021a0000

CodeCache: size=245760Kb used=1024Kb max_used=1024Kb free=244735Kb
 bounds [0x00000000024c0000, 0x0000000002730000, 0x00000000114c0000]
 total_blobs=211 nmethods=0 adapters=132
 compilation: enabled

Compilation events (0 events):
No events

GC Heap History (0 events):
No events

Deoptimization events (0 events):
No events

Classes redefined (0 events):
No events

Internal exceptions (2 events):
Event: 0.215 Thread 0x00000000023c8800 Exception <a 'java/lang/NoSuchMethodError': Method sun.misc.Unsafe.defineClass(Ljava/lang/String;[BII)Ljava/lang/Class; name or signature does not match> (0x00000000feb07ca8) thrown at [D:\src\AOSP-openjdk-cygwin\jdk8u\hotspot\src\share\vm\prims\jni.cpp, 
Event: 0.215 Thread 0x00000000023c8800 Exception <a 'java/lang/NoSuchMethodError': Method sun.misc.Unsafe.prefetchRead(Ljava/lang/Object;J)V name or signature does not match> (0x00000000feb07f90) thrown at [D:\src\AOSP-openjdk-cygwin\jdk8u\hotspot\src\share\vm\prims\jni.cpp, line 4011]

Events (10 events):
Event: 0.834 loading class sun/net/www/protocol/jar/Handler done
Event: 0.836 loading class sun/misc/Launcher$AppClassLoader$1
Event: 0.837 loading class sun/misc/Launcher$AppClassLoader$1 done
Event: 0.840 loading class java/lang/SystemClassLoaderAction
Event: 0.853 loading class java/lang/SystemClassLoaderAction done
Event: 0.854 Thread 0x000000001282c800 Thread added: 0x000000001282c800
Event: 0.854 Thread 0x000000001282e000 Thread added: 0x000000001282e000
Event: 0.854 Thread 0x0000000012820800 Thread added: 0x0000000012820800
Event: 0.857 Thread 0x0000000012824800 Thread added: 0x0000000012824800
Event: 0.861 Thread 0x0000000012828000 Thread added: 0x0000000012828000


Dynamic libraries:
0x00007ff7fd240000 - 0x00007ff7fd271000 	C:\Program Files\Android\Android Studio1\jre\bin\java.exe
0x00007ff849de0000 - 0x00007ff849fa2000 	C:\Windows\SYSTEM32\ntdll.dll
0x00007ff8474a0000 - 0x00007ff84754d000 	C:\Windows\system32\KERNEL32.DLL
0x00007ff846900000 - 0x00007ff846add000 	C:\Windows\system32\KERNELBASE.dll
0x00007ff8492b0000 - 0x00007ff849356000 	C:\Windows\system32\ADVAPI32.dll
0x00007ff848f50000 - 0x00007ff848fed000 	C:\Windows\system32\msvcrt.dll
0x00007ff849030000 - 0x00007ff84908b000 	C:\Windows\system32\sechost.dll
0x00007ff849510000 - 0x00007ff849636000 	C:\Windows\system32\RPCRT4.dll
0x00007ff849160000 - 0x00007ff8492ae000 	C:\Windows\system32\USER32.dll
0x00007ff849c50000 - 0x00007ff849dd3000 	C:\Windows\system32\GDI32.dll
0x00007ff83cd00000 - 0x00007ff83cf74000 	C:\Windows\WinSxS\amd64_microsoft.windows.common-controls_6595b64144ccf1df_6.0.10240.17184_none_f41d7a705752bce6\COMCTL32.dll
0x00007ff848ff0000 - 0x00007ff849026000 	C:\Windows\system32\IMM32.DLL
0x00007ff849640000 - 0x00007ff84979c000 	C:\Windows\system32\MSCTF.dll
0x0000000072020000 - 0x00000000720f2000 	C:\Program Files\Android\Android Studio1\jre\jre\bin\msvcr100.dll
0x0000000072100000 - 0x000000007293f000 	C:\Program Files\Android\Android Studio1\jre\jre\bin\server\jvm.dll
0x00007ff8497a0000 - 0x00007ff8497a8000 	C:\Windows\system32\PSAPI.DLL
0x00007ff844700000 - 0x00007ff844709000 	C:\Windows\SYSTEM32\WSOCK32.dll
0x00007ff8497b0000 - 0x00007ff849819000 	C:\Windows\system32\WS2_32.dll
0x00007ff847a00000 - 0x00007ff847a08000 	C:\Windows\system32\NSI.dll
0x00007ff844e00000 - 0x00007ff844e23000 	C:\Windows\SYSTEM32\WINMM.dll
0x00007ff83e7c0000 - 0x00007ff83e7ca000 	C:\Windows\SYSTEM32\VERSION.dll
0x00007ff844cd0000 - 0x00007ff844cfc000 	C:\Windows\SYSTEM32\WINMMBASE.dll
0x00007ff846e20000 - 0x00007ff846e64000 	C:\Windows\system32\cfgmgr32.dll
0x00007ff8450c0000 - 0x00007ff8450e7000 	C:\Windows\SYSTEM32\DEVOBJ.dll
0x00007ff844300000 - 0x00007ff84430f000 	C:\Program Files\Android\Android Studio1\jre\jre\bin\verify.dll
0x00007ff841330000 - 0x00007ff841359000 	C:\Program Files\Android\Android Studio1\jre\jre\bin\java.dll
0x00007ff842130000 - 0x00007ff842146000 	C:\Program Files\Android\Android Studio1\jre\jre\bin\zip.dll
0x00007ff847a10000 - 0x00007ff848f33000 	C:\Windows\system32\SHELL32.dll
0x00007ff846e70000 - 0x00007ff847499000 	C:\Windows\system32\windows.storage.dll
0x00007ff8499d0000 - 0x00007ff849c4c000 	C:\Windows\system32\combase.dll
0x00007ff847940000 - 0x00007ff847991000 	C:\Windows\system32\shlwapi.dll
0x00007ff846820000 - 0x00007ff84682f000 	C:\Windows\system32\kernel.appcore.dll
0x00007ff846ae0000 - 0x00007ff846b93000 	C:\Windows\system32\shcore.dll
0x00007ff846850000 - 0x00007ff84689a000 	C:\Windows\system32\powrprof.dll
0x00007ff846830000 - 0x00007ff846843000 	C:\Windows\system32\profapi.dll

VM Arguments:
jvm_args: -Djava.awt.headless=true -Xmx64M -Dfile.encoding=windows-1252 -Duser.country=US -Duser.language=en -Duser.variant 
java_command: com.google.devtools.build.android.desugar.Desugar --input C:\Users\ALEXANDRE\AndroidStudioProjects\eMarket\app\build\intermediates\transforms\stackFramesFixer\debug\3.jar --output C:\Users\ALEXANDRE\AndroidStudioProjects\eMarket\app\build\intermediates\transforms\desugar\debug\3.jar --input C:\Users\ALEXANDRE\AndroidStudioProjects\eMarket\app\build\intermediates\transforms\stackFramesFixer\debug\43.jar --output C:\Users\ALEXANDRE\AndroidStudioProjects\eMarket\app\build\intermediates\transforms\desugar\debug\13.jar --input C:\Users\ALEXANDRE\AndroidStudioProjects\eMarket\app\build\intermediates\transforms\stackFramesFixer\debug\81.jar --output C:\Users\ALEXANDRE\AndroidStudioProjects\eMarket\app\build\intermediates\transforms\desugar\debug\36.jar --input C:\Users\ALEXANDRE\AndroidStudioProjects\eMarket\app\build\intermediates\transforms\stackFramesFixer\debug\70.jar --output C:\Users\ALEXANDRE\AndroidStudioProjects\eMarket\app\build\intermediates\transforms\desugar\debug\26.jar --input C:\Users\ALEXANDRE\AndroidStudioProjects\eMarket\app\build\intermediates\transforms\stackFramesFixer\debug\59.jar --output C:\Users\ALEXANDRE\AndroidStudioProjects\eMarket\app\build\intermediates\transforms\desugar\debug\18.jar --input C:\Users\ALEXANDRE\AndroidStudioProjects\eMarket\app\build\intermediates\transforms\stackFramesFixer\debug\115.jar --output C:\Users\ALEXANDRE\AndroidStudioProjects\eMarket\app\build\intermediates\transforms\desugar\debug\52.jar --input C:\Users\ALEXANDRE\AndroidStudioProjects\eMarket\app\build\intermediates\transforms\stackFramesFixer\debug\114.jar --output C:\Users\ALEXANDRE\AndroidStudioProjects\eMarket\app\build\intermediates\transforms\desugar\debug\51.jar --input C:\Users\ALEXANDRE\AndroidStudioProjects\eMarket\app\build\intermediates\transforms\stackFramesFixer\debug\93.jar --output C:\Users\ALEXANDRE\AndroidStudioProjects\eMarket\app\build\intermediates\transforms\desugar\debug\48.jar --input C:\Users\ALEXANDRE\AndroidStudioProjec
java_class_path (initial): C:\Users\ALEXANDRE\AppData\Local\Temp\desugar_deploy.jar3102519766244402159
Launcher Type: SUN_STANDARD

Environment Variables:
JAVA_HOME=C:\Program Files\Java\jdk1.8.0_121
PATH=C:\ProgramData\Oracle\Java\javapath;C:\Windows\system32;C:\Windows;C:\Windows\System32\Wbem;C:\Windows\System32\WindowsPowerShell\v1.0\;C:\Qt\Qt5.6.2\5.6\mingw49_32\bin;C:\Qt\Qt5.6.2\Tools\QtCreator\bin;C:\vstudio;C:\Program Files\Java\jdk1.8.0_121\bin;C:\Qt\Qt5.6.2\5.6\mingw49_32\bin;C:\Qt\Qt5.6.2\Tools\mingw492_32;C:\Program Files (x86)\Windows Kits\8.1\Windows Performance Toolkit\;C:\Program Files (x86)\Microsoft Emulator Manager\1.0\C:\MinGW\bin;C:\MinGW\include;C:\MinGW\mingw32\bin;C:\Qt\Qt5.6.2\Tools\mingw492_32\bin;C:\Users\ALEXANDRE\Desktop\gradle-3.5\bin;C:\Program Files\Android\Android Studio\bin;C:\Program Files\Microsoft\Web Platform Installer\;C:\Program Files (x86)\Microsoft ASP.NET\ASP.NET Web Pages\v1.0\;C:\Program Files\Microsoft SQL Server\110\Tools\Binn\;C:\Program Files (x86)\MATLAB\R2013\runtime\win32;C:\Program Files (x86)\MATLAB\R2013\bin;C:\Program Files (x86)\Common Files\lenovo\easyplussdk\bin;C:\android-studio-ide-162.3934792-windows\android-studio\gradle\gradle-4.6-bin;C:\Users\ALEXANDRE\Desktop\bin;C:\Program Files (x86)\Git\cmd;C:\Program Files\Java\jre7\bin;C:\Program Files (x86)\MiKTeX 2.9\miktex\bin\;C:\Program Files\MATLAB\R2017a\runtime\win64;C:\Program Files\MATLAB\R2017a\bin;C:\Program Files\MiKTeX 2.9\miktex\bin\x64\;C:\Users\ALEXANDRE\AppData\Local\Programs\Python\Python37\Scripts\;C:\Users\ALEXANDRE\AppData\Local\Programs\Python\Python37\;C:\Program Files (x86)\Microsoft VS Code\bin
USERNAME=ALEXANDRE
OS=Windows_NT
PROCESSOR_IDENTIFIER=Intel64 Family 6 Model 42 Stepping 7, GenuineIntel



---------------  S Y S T E M  ---------------

OS: Windows 10.0 , 64 bit Build 10240 (10.0.10240.17113)

CPU:total 4 (initial active 4) (2 cores per cpu, 2 threads per core) family 6 model 42 stepping 7, cmov, cx8, fxsr, mmx, sse, sse2, sse3, ssse3, sse4.1, sse4.2, popcnt, avx, clmul, ht, tsc, tscinvbit

Memory: 4k page, physical 4140908k(432724k free), swap 5575532k(316k free)

vm_info: OpenJDK 64-Bit Server VM (25.152-b02) for windows-amd64 JRE (1.8.0_152-release-1024-b02), built by "builder" with MS VC++ 10.0 (VS2010)

time: Wed Sep 11 21:28:18 2019
elapsed time: 1 seconds (0d 0h 0m 1s)

