#
# There is insufficient memory for the Java Runtime Environment to continue.
# Native memory allocation (malloc) failed to allocate 198976 bytes for Chunk::new
# Possible reasons:
#   The system is out of physical RAM or swap space
#   In 32 bit mode, the process size limit was hit
# Possible solutions:
#   Reduce memory load on the system
#   Increase physical memory or swap space
#   Check if swap backing store is full
#   Use 64 bit Java on a 64 bit OS
#   Decrease Java heap size (-Xmx/-Xms)
#   Decrease number of Java threads
#   Decrease Java thread stack sizes (-Xss)
#   Set larger code cache with -XX:ReservedCodeCacheSize=
# This output file may be truncated or incomplete.
#
#  Out of Memory Error (allocation.cpp:390), pid=58012, tid=0x000000000000e714
#
# JRE version: OpenJDK Runtime Environment (8.0_152-b02) (build 1.8.0_152-release-1024-b02)
# Java VM: OpenJDK 64-Bit Server VM (25.152-b02 mixed mode windows-amd64 compressed oops)
# Failed to write core dump. Minidumps are not enabled by default on client versions of Windows
#

---------------  T H R E A D  ---------------

Current thread (0x0000000012c80000):  JavaThread "C2 CompilerThread0" daemon [_thread_in_native, id=59156, stack(0x00000000142c0000,0x00000000143c0000)]

Stack: [0x00000000142c0000,0x00000000143c0000]
[error occurred during error reporting (printing stack bounds), id 0xc0000005]

Native frames: (J=compiled Java code, j=interpreted, Vv=VM code, C=native code)


Current CompileTask:
C2:   9949  859       4       org.objectweb.asm.Item::set (219 bytes)


---------------  P R O C E S S  ---------------

Java Threads: ( => current thread )
  0x00000000145de000 JavaThread "Service Thread" daemon [_thread_blocked, id=52684, stack(0x00000000149c0000,0x0000000014ac0000)]
  0x0000000012c8a000 JavaThread "C1 CompilerThread2" daemon [_thread_in_native, id=59152, stack(0x00000000144c0000,0x00000000145c0000)]
  0x0000000012c84000 JavaThread "C2 CompilerThread1" daemon [_thread_in_native, id=52648, stack(0x00000000143c0000,0x00000000144c0000)]
=>0x0000000012c80000 JavaThread "C2 CompilerThread0" daemon [_thread_in_native, id=59156, stack(0x00000000142c0000,0x00000000143c0000)]
  0x0000000012c8f800 JavaThread "Attach Listener" daemon [_thread_blocked, id=6460, stack(0x00000000141c0000,0x00000000142c0000)]
  0x0000000012c8c000 JavaThread "Signal Dispatcher" daemon [_thread_blocked, id=57644, stack(0x00000000140c0000,0x00000000141c0000)]
  0x0000000012c6e000 JavaThread "Finalizer" daemon [_thread_blocked, id=59968, stack(0x0000000013ed0000,0x0000000013fd0000)]
  0x0000000002919000 JavaThread "Reference Handler" daemon [_thread_blocked, id=52776, stack(0x0000000013dd0000,0x0000000013ed0000)]
  0x0000000002829000 JavaThread "main" [_thread_in_Java, id=57728, stack(0x0000000002670000,0x0000000002770000)]

Other Threads:
  0x0000000012c46800 VMThread [stack: 0x0000000013cd0000,0x0000000013dd0000] [id=58044]
  0x00000000145e0000 WatcherThread [stack: 0x0000000014ac0000,0x0000000014bc0000] [id=53120]

VM state:not at safepoint (normal execution)

VM Mutex/Monitor currently owned by a thread: None

Heap:
 PSYoungGen      total 18944K, used 3628K [0x00000000feb00000, 0x0000000100000000, 0x0000000100000000)
  eden space 16384K, 6% used [0x00000000feb00000,0x00000000fec101a8,0x00000000ffb00000)
  from space 2560K, 99% used [0x00000000ffd80000,0x00000000ffffb138,0x0000000100000000)
  to   space 2560K, 0% used [0x00000000ffb00000,0x00000000ffb00000,0x00000000ffd80000)
 ParOldGen       total 44032K, used 5239K [0x00000000fc000000, 0x00000000feb00000, 0x00000000feb00000)
  object space 44032K, 11% used [0x00000000fc000000,0x00000000fc51de68,0x00000000feb00000)
 Metaspace       used 7558K, capacity 7800K, committed 7936K, reserved 1056768K
  class space    used 871K, capacity 970K, committed 1024K, reserved 1048576K

Card table byte_map: [0x0000000002790000,0x00000000027c0000] byte_map_base: 0x0000000001fb0000

Marking Bits: (ParMarkBitMap*) 0x000000005a5a4970
 Begin Bits: [0x00000000120e0000, 0x00000000121e0000)
 End Bits:   [0x00000000121e0000, 0x00000000122e0000)

Polling page: 0x0000000002650000

CodeCache: size=245760Kb used=3214Kb max_used=3214Kb free=242545Kb
 bounds [0x0000000002920000, 0x0000000002c50000, 0x0000000011920000]
 total_blobs=1202 nmethods=870 adapters=246
 compilation: enabled

Compilation events (10 events):
Event: 9.925 Thread 0x0000000012c8a000 nmethod 860 0x0000000002c3c850 code [0x0000000002c3cd00, 0x0000000002c3fde8]
Event: 9.927 Thread 0x0000000012c8a000  861       3       com.google.devtools.build.android.desugar.Java7Compatibility$UpdateBytecodeVersionIfNecessary::visitMethodInsn (121 bytes)
Event: 9.928 Thread 0x0000000012c8a000 nmethod 861 0x0000000002c34910 code [0x0000000002c34ae0, 0x0000000002c35108]
Event: 9.928 Thread 0x0000000012c8a000  862       3       org.objectweb.asm.MethodWriter::visitMethodInsn (228 bytes)
Event: 9.930 Thread 0x0000000012c8a000 nmethod 862 0x0000000002c3ab90 code [0x0000000002c3ad80, 0x0000000002c3b468]
Event: 9.930 Thread 0x0000000012c8a000  863       3       org.objectweb.asm.ClassWriter::newMethodItem (91 bytes)
Event: 9.932 Thread 0x0000000012c8a000 nmethod 863 0x0000000002c39ed0 code [0x0000000002c3a0c0, 0x0000000002c3a718]
Event: 9.933 Thread 0x0000000012c8a000  865       3       org.objectweb.asm.ByteVector::put11 (52 bytes)
Event: 9.934 Thread 0x0000000012c8a000 nmethod 865 0x0000000002c39990 code [0x0000000002c39b00, 0x0000000002c39d68]
Event: 9.934 Thread 0x0000000012c8a000  864       3       org.objectweb.asm.ClassReader::readFrameType (162 bytes)

GC Heap History (4 events):
Event: 8.975 GC heap before
{Heap before GC invocations=1 (full 0):
 PSYoungGen      total 18944K, used 16384K [0x00000000feb00000, 0x0000000100000000, 0x0000000100000000)
  eden space 16384K, 100% used [0x00000000feb00000,0x00000000ffb00000,0x00000000ffb00000)
  from space 2560K, 0% used [0x00000000ffd80000,0x00000000ffd80000,0x0000000100000000)
  to   space 2560K, 0% used [0x00000000ffb00000,0x00000000ffb00000,0x00000000ffd80000)
 ParOldGen       total 44032K, used 0K [0x00000000fc000000, 0x00000000feb00000, 0x00000000feb00000)
  object space 44032K, 0% used [0x00000000fc000000,0x00000000fc000000,0x00000000feb00000)
 Metaspace       used 6768K, capacity 6922K, committed 7040K, reserved 1056768K
  class space    used 799K, capacity 871K, committed 896K, reserved 1048576K
Event: 8.982 GC heap after
Heap after GC invocations=1 (full 0):
 PSYoungGen      total 18944K, used 2556K [0x00000000feb00000, 0x0000000100000000, 0x0000000100000000)
  eden space 16384K, 0% used [0x00000000feb00000,0x00000000feb00000,0x00000000ffb00000)
  from space 2560K, 99% used [0x00000000ffb00000,0x00000000ffd7f068,0x00000000ffd80000)
  to   space 2560K, 0% used [0x00000000ffd80000,0x00000000ffd80000,0x0000000100000000)
 ParOldGen       total 44032K, used 1255K [0x00000000fc000000, 0x00000000feb00000, 0x00000000feb00000)
  object space 44032K, 2% used [0x00000000fc000000,0x00000000fc139e80,0x00000000feb00000)
 Metaspace       used 6768K, capacity 6922K, committed 7040K, reserved 1056768K
  class space    used 799K, capacity 871K, committed 896K, reserved 1048576K
}
Event: 9.883 GC heap before
{Heap before GC invocations=2 (full 0):
 PSYoungGen      total 18944K, used 18940K [0x00000000feb00000, 0x0000000100000000, 0x0000000100000000)
  eden space 16384K, 100% used [0x00000000feb00000,0x00000000ffb00000,0x00000000ffb00000)
  from space 2560K, 99% used [0x00000000ffb00000,0x00000000ffd7f068,0x00000000ffd80000)
  to   space 2560K, 0% used [0x00000000ffd80000,0x00000000ffd80000,0x0000000100000000)
 ParOldGen       total 44032K, used 1255K [0x00000000fc000000, 0x00000000feb00000, 0x00000000feb00000)
  object space 44032K, 2% used [0x00000000fc000000,0x00000000fc139e80,0x00000000feb00000)
 Metaspace       used 7522K, capacity 7736K, committed 7936K, reserved 1056768K
  class space    used 871K, capacity 970K, committed 1024K, reserved 1048576K
Event: 9.910 GC heap after
Heap after GC invocations=2 (full 0):
 PSYoungGen      total 18944K, used 2540K [0x00000000feb00000, 0x0000000100000000, 0x0000000100000000)
  eden space 16384K, 0% used [0x00000000feb00000,0x00000000feb00000,0x00000000ffb00000)
  from space 2560K, 99% used [0x00000000ffd80000,0x00000000ffffb138,0x0000000100000000)
  to   space 2560K, 0% used [0x00000000ffb00000,0x00000000ffb00000,0x00000000ffd80000)
 ParOldGen       total 44032K, used 5239K [0x00000000fc000000, 0x00000000feb00000, 0x00000000feb00000)
  object space 44032K, 11% used [0x00000000fc000000,0x00000000fc51de68,0x00000000feb00000)
 Metaspace       used 7522K, capacity 7736K, committed 7936K, reserved 1056768K
  class space    used 871K, capacity 970K, committed 1024K, reserved 1048576K
}

Deoptimization events (9 events):
Event: 8.735 Thread 0x0000000002829000 Uncommon trap: reason=unstable_if action=reinterpret pc=0x0000000002b34978 method=java.lang.String.startsWith(Ljava/lang/String;I)Z @ 25
Event: 8.926 Thread 0x0000000002829000 Uncommon trap: reason=unstable_if action=reinterpret pc=0x0000000002b663ac method=java.util.zip.ZipFile$ZipEntryIterator.hasNext()Z @ 25
Event: 8.926 Thread 0x0000000002829000 Uncommon trap: reason=unstable_if action=reinterpret pc=0x0000000002b6f528 method=java.util.zip.ZipCoder.decoder()Ljava/nio/charset/CharsetDecoder; @ 4
Event: 8.932 Thread 0x0000000002829000 Uncommon trap: reason=unstable_if action=reinterpret pc=0x0000000002b6a878 method=java.util.zip.ZipCoder.decoder()Ljava/nio/charset/CharsetDecoder; @ 4
Event: 8.932 Thread 0x0000000002829000 Uncommon trap: reason=unstable_if action=reinterpret pc=0x0000000002b5e59c method=java.util.zip.ZipCoder.decoder()Ljava/nio/charset/CharsetDecoder; @ 4
Event: 8.932 Thread 0x0000000002829000 Uncommon trap: reason=unstable_if action=reinterpret pc=0x0000000002b65aec method=java.util.zip.ZipCoder.decoder()Ljava/nio/charset/CharsetDecoder; @ 4
Event: 9.130 Thread 0x0000000002829000 Uncommon trap: reason=unstable_if action=reinterpret pc=0x0000000002b75220 method=java.util.zip.ZipFile.getZipEntry(Ljava/lang/String;J)Ljava/util/zip/ZipEntry; @ 19
Event: 9.433 Thread 0x0000000002829000 Uncommon trap: reason=unstable_if action=reinterpret pc=0x0000000002b66fbc method=java.util.zip.ZipEntry.setExtra0([BZ)V @ 279
Event: 9.569 Thread 0x0000000002829000 Uncommon trap: reason=unstable_if action=reinterpret pc=0x0000000002b0c7ec method=java.lang.String.<init>([CII)V @ 18

Classes redefined (0 events):
No events

Internal exceptions (10 events):
Event: 8.932 Thread 0x0000000002829000 Implicit null exception at 0x0000000002b69f4c to 0x0000000002b6a839
Event: 8.932 Thread 0x0000000002829000 Implicit null exception at 0x0000000002b5dfa4 to 0x0000000002b5e56d
Event: 8.932 Thread 0x0000000002829000 Implicit null exception at 0x0000000002b65678 to 0x0000000002b65ad1
Event: 9.166 Thread 0x0000000002829000 Exception <a 'sun/nio/fs/WindowsException'> (0x00000000ff26d0f0) thrown at [D:\src\AOSP-openjdk-cygwin\jdk8u\hotspot\src\share\vm\prims\jni.cpp, line 709]
Event: 9.166 Thread 0x0000000002829000 Exception <a 'sun/nio/fs/WindowsException'> (0x00000000ff26d6c0) thrown at [D:\src\AOSP-openjdk-cygwin\jdk8u\hotspot\src\share\vm\prims\jni.cpp, line 709]
Event: 9.166 Thread 0x0000000002829000 Exception <a 'sun/nio/fs/WindowsException'> (0x00000000ff26dcb8) thrown at [D:\src\AOSP-openjdk-cygwin\jdk8u\hotspot\src\share\vm\prims\jni.cpp, line 709]
Event: 9.166 Thread 0x0000000002829000 Exception <a 'sun/nio/fs/WindowsException'> (0x00000000ff26e488) thrown at [D:\src\AOSP-openjdk-cygwin\jdk8u\hotspot\src\share\vm\prims\jni.cpp, line 709]
Event: 9.179 Thread 0x0000000002829000 Exception <a 'sun/nio/fs/WindowsException'> (0x00000000ff273490) thrown at [D:\src\AOSP-openjdk-cygwin\jdk8u\hotspot\src\share\vm\prims\jni.cpp, line 709]
Event: 9.495 Thread 0x0000000002829000 Exception <a 'sun/nio/fs/WindowsException'> (0x00000000ff8bebb0) thrown at [D:\src\AOSP-openjdk-cygwin\jdk8u\hotspot\src\share\vm\prims\jni.cpp, line 709]
Event: 9.495 Thread 0x0000000002829000 Exception <a 'sun/nio/fs/WindowsException'> (0x00000000ff8bf158) thrown at [D:\src\AOSP-openjdk-cygwin\jdk8u\hotspot\src\share\vm\prims\jni.cpp, line 709]

Events (10 events):
Event: 9.846 loading class org/objectweb/asm/tree/JumpInsnNode
Event: 9.846 loading class org/objectweb/asm/tree/JumpInsnNode done
Event: 9.847 loading class org/objectweb/asm/tree/IntInsnNode
Event: 9.847 loading class org/objectweb/asm/tree/IntInsnNode done
Event: 9.848 loading class org/objectweb/asm/tree/InsnList
Event: 9.848 loading class org/objectweb/asm/tree/InsnList done
Event: 9.883 Executing VM operation: ParallelGCFailedAllocation
Event: 9.910 Executing VM operation: ParallelGCFailedAllocation done
Event: 9.910 Executing VM operation: RevokeBias
Event: 9.910 Executing VM operation: RevokeBias done


Dynamic libraries:
0x00007ff758f80000 - 0x00007ff758fb1000 	C:\Program Files\Android\Android Studio1\jre\bin\java.exe
0x00007ff90ae10000 - 0x00007ff90afd2000 	C:\Windows\SYSTEM32\ntdll.dll
0x00007ff908c00000 - 0x00007ff908cad000 	C:\Windows\system32\KERNEL32.DLL
0x00007ff9082a0000 - 0x00007ff90847d000 	C:\Windows\system32\KERNELBASE.dll
0x00007ff9089c0000 - 0x00007ff908a66000 	C:\Windows\system32\ADVAPI32.dll
0x00007ff90a2a0000 - 0x00007ff90a33d000 	C:\Windows\system32\msvcrt.dll
0x00007ff908cb0000 - 0x00007ff908d0b000 	C:\Windows\system32\sechost.dll
0x00007ff90ace0000 - 0x00007ff90ae06000 	C:\Windows\system32\RPCRT4.dll
0x00007ff90a4d0000 - 0x00007ff90a61e000 	C:\Windows\system32\USER32.dll
0x00007ff90a340000 - 0x00007ff90a4c3000 	C:\Windows\system32\GDI32.dll
0x00007ff8fe1e0000 - 0x00007ff8fe454000 	C:\Windows\WinSxS\amd64_microsoft.windows.common-controls_6595b64144ccf1df_6.0.10240.17184_none_f41d7a705752bce6\COMCTL32.dll
0x00007ff9084d0000 - 0x00007ff908506000 	C:\Windows\system32\IMM32.DLL
0x00007ff90a7e0000 - 0x00007ff90a93c000 	C:\Windows\system32\MSCTF.dll
0x0000000059d00000 - 0x0000000059dd2000 	C:\Program Files\Android\Android Studio1\jre\jre\bin\msvcr100.dll
0x0000000059de0000 - 0x000000005a61f000 	C:\Program Files\Android\Android Studio1\jre\jre\bin\server\jvm.dll
0x00007ff90a620000 - 0x00007ff90a628000 	C:\Windows\system32\PSAPI.DLL
0x00007ff905f50000 - 0x00007ff905f59000 	C:\Windows\SYSTEM32\WSOCK32.dll
0x00007ff905e90000 - 0x00007ff905eb3000 	C:\Windows\SYSTEM32\WINMM.dll
0x00007ff908a80000 - 0x00007ff908ae9000 	C:\Windows\system32\WS2_32.dll
0x00007ff908a70000 - 0x00007ff908a78000 	C:\Windows\system32\NSI.dll
0x0000000002600000 - 0x000000000262c000 	C:\Windows\SYSTEM32\WINMMBASE.dll
0x00007ff8fd5e0000 - 0x00007ff8fd5ea000 	C:\Windows\SYSTEM32\VERSION.dll
0x00007ff908480000 - 0x00007ff9084c4000 	C:\Windows\system32\cfgmgr32.dll
0x00007ff9060f0000 - 0x00007ff906117000 	C:\Windows\SYSTEM32\DEVOBJ.dll
0x00007ff9055b0000 - 0x00007ff9055bf000 	C:\Program Files\Android\Android Studio1\jre\jre\bin\verify.dll
0x00007ff901850000 - 0x00007ff901879000 	C:\Program Files\Android\Android Studio1\jre\jre\bin\java.dll
0x00007ff901830000 - 0x00007ff901846000 	C:\Program Files\Android\Android Studio1\jre\jre\bin\zip.dll
0x00007ff908d10000 - 0x00007ff90a233000 	C:\Windows\system32\SHELL32.dll
0x00007ff907c10000 - 0x00007ff908239000 	C:\Windows\system32\windows.storage.dll
0x00007ff908510000 - 0x00007ff90878c000 	C:\Windows\system32\combase.dll
0x00007ff90a240000 - 0x00007ff90a291000 	C:\Windows\system32\shlwapi.dll
0x00007ff907830000 - 0x00007ff90783f000 	C:\Windows\system32\kernel.appcore.dll
0x00007ff907aa0000 - 0x00007ff907b53000 	C:\Windows\system32\shcore.dll
0x00007ff907880000 - 0x00007ff9078ca000 	C:\Windows\system32\powrprof.dll
0x00007ff907840000 - 0x00007ff907853000 	C:\Windows\system32\profapi.dll
0x00007ff907130000 - 0x00007ff907147000 	C:\Windows\SYSTEM32\CRYPTSP.dll
0x00007ff907760000 - 0x00007ff907788000 	C:\Windows\SYSTEM32\bcrypt.dll
0x00007ff906d50000 - 0x00007ff906d83000 	C:\Windows\system32\rsaenh.dll
0x00007ff906f20000 - 0x00007ff906f3f000 	C:\Windows\SYSTEM32\USERENV.dll
0x00007ff907650000 - 0x00007ff9076bb000 	C:\Windows\system32\bcryptprimitives.dll
0x00007ff907280000 - 0x00007ff90728b000 	C:\Windows\SYSTEM32\CRYPTBASE.dll
0x00007ff901080000 - 0x00007ff90109a000 	C:\Program Files\Android\Android Studio1\jre\jre\bin\net.dll
0x00007ff9070d0000 - 0x00007ff90712d000 	C:\Windows\system32\mswsock.dll
0x00007ff904bd0000 - 0x00007ff904c08000 	C:\Windows\SYSTEM32\IPHLPAPI.DLL
0x00007ff904ba0000 - 0x00007ff904bab000 	C:\Windows\SYSTEM32\WINNSI.DLL
0x00007ff902350000 - 0x00007ff902366000 	C:\Windows\SYSTEM32\dhcpcsvc6.DLL
0x00007ff902330000 - 0x00007ff90234a000 	C:\Windows\SYSTEM32\dhcpcsvc.DLL
0x00007ff901060000 - 0x00007ff901071000 	C:\Program Files\Android\Android Studio1\jre\jre\bin\nio.dll

VM Arguments:
jvm_args: -Djava.awt.headless=true -Xmx64M -Dfile.encoding=windows-1252 -Duser.country=US -Duser.language=en -Duser.variant 
java_command: com.google.devtools.build.android.desugar.Desugar --input C:\Users\ALEXANDRE\AndroidStudioProjects\eMarket\app\build\intermediates\transforms\stackFramesFixer\debug\75.jar --output C:\Users\ALEXANDRE\AndroidStudioProjects\eMarket\app\build\intermediates\transforms\desugar\debug\31.jar --input C:\Users\ALEXANDRE\AndroidStudioProjects\eMarket\app\build\intermediates\transforms\stackFramesFixer\debug\81.jar --output C:\Users\ALEXANDRE\AndroidStudioProjects\eMarket\app\build\intermediates\transforms\desugar\debug\36.jar --input C:\Users\ALEXANDRE\AndroidStudioProjects\eMarket\app\build\intermediates\transforms\stackFramesFixer\debug\70.jar --output C:\Users\ALEXANDRE\AndroidStudioProjects\eMarket\app\build\intermediates\transforms\desugar\debug\26.jar --input C:\Users\ALEXANDRE\AndroidStudioProjects\eMarket\app\build\intermediates\transforms\stackFramesFixer\debug\84.jar --output C:\Users\ALEXANDRE\AndroidStudioProjects\eMarket\app\build\intermediates\transforms\desugar\debug\39.jar --input C:\Users\ALEXANDRE\AndroidStudioProjects\eMarket\app\build\intermediates\transforms\stackFramesFixer\debug\15.jar --output C:\Users\ALEXANDRE\AndroidStudioProjects\eMarket\app\build\intermediates\transforms\desugar\debug\11.jar --input C:\Users\ALEXANDRE\AndroidStudioProjects\eMarket\app\build\intermediates\transforms\stackFramesFixer\debug\147.jar --output C:\Users\ALEXANDRE\AndroidStudioProjects\eMarket\app\build\intermediates\transforms\desugar\debug\61.jar --input C:\Users\ALEXANDRE\AndroidStudioProjects\eMarket\app\build\intermediates\transforms\stackFramesFixer\debug\69.jar --output C:\Users\ALEXANDRE\AndroidStudioProjects\eMarket\app\build\intermediates\transforms\desugar\debug\25.jar --input C:\Users\ALEXANDRE\AndroidStudioProjects\eMarket\app\build\intermediates\transforms\stackFramesFixer\debug\115.jar --output C:\Users\ALEXANDRE\AndroidStudioProjects\eMarket\app\build\intermediates\transforms\desugar\debug\52.jar --input C:\Users\ALEXANDRE\AndroidStudioProj
java_class_path (initial): C:\Users\ALEXANDRE\AppData\Local\Temp\desugar_deploy.jar2168121327892931095
Launcher Type: SUN_STANDARD

Environment Variables:
JAVA_HOME=C:\Program Files\Java\jdk1.8.0_121
PATH=C:\ProgramData\Oracle\Java\javapath;C:\Windows\system32;C:\Windows;C:\Windows\System32\Wbem;C:\Windows\System32\WindowsPowerShell\v1.0\;C:\Qt\Qt5.6.2\5.6\mingw49_32\bin;C:\Qt\Qt5.6.2\Tools\QtCreator\bin;C:\vstudio;C:\Program Files\Java\jdk1.8.0_121\bin;C:\Qt\Qt5.6.2\5.6\mingw49_32\bin;C:\Qt\Qt5.6.2\Tools\mingw492_32;C:\Program Files (x86)\Windows Kits\8.1\Windows Performance Toolkit\;C:\Program Files (x86)\Microsoft Emulator Manager\1.0\C:\MinGW\bin;C:\MinGW\include;C:\MinGW\mingw32\bin;C:\Qt\Qt5.6.2\Tools\mingw492_32\bin;C:\Users\ALEXANDRE\Desktop\gradle-3.5\bin;C:\Program Files\Android\Android Studio\bin;C:\Program Files\Microsoft\Web Platform Installer\;C:\Program Files (x86)\Microsoft ASP.NET\ASP.NET Web Pages\v1.0\;C:\Program Files\Microsoft SQL Server\110\Tools\Binn\;C:\Program Files (x86)\MATLAB\R2013\runtime\win32;C:\Program Files (x86)\MATLAB\R2013\bin;C:\Program Files (x86)\Common Files\lenovo\easyplussdk\bin;C:\android-studio-ide-162.3934792-windows\android-studio\gradle\gradle-4.6-bin;C:\Users\ALEXANDRE\Desktop\bin;C:\Program Files (x86)\Git\cmd;C:\Program Files\Java\jre7\bin;C:\Program Files (x86)\MiKTeX 2.9\miktex\bin\;C:\Program Files\MATLAB\R2017a\runtime\win64;C:\Program Files\MATLAB\R2017a\bin;C:\Program Files\MiKTeX 2.9\miktex\bin\x64\;C:\Program Files\nodejs\;C:\ProgramData\chocolatey\bin;C:\Users\ALEXANDRE\AppData\Local\Programs\Python\Python37\Scripts\;C:\Users\ALEXANDRE\AppData\Local\Programs\Python\Python37\;C:\Program Files (x86)\Microsoft VS Code\bin;C:\Users\ALEXANDRE\AppData\Roaming\npm
USERNAME=ALEXANDRE
OS=Windows_NT
PROCESSOR_IDENTIFIER=Intel64 Family 6 Model 42 Stepping 7, GenuineIntel



---------------  S Y S T E M  ---------------

OS: Windows 10.0 , 64 bit Build 10240 (10.0.10240.17113)

CPU:total 4 (initial active 4) (2 cores per cpu, 2 threads per core) family 6 model 42 stepping 7, cmov, cx8, fxsr, mmx, sse, sse2, sse3, ssse3, sse4.1, sse4.2, popcnt, avx, clmul, ht, tsc, tscinvbit

Memory: 4k page, physical 4140908k(890100k free), swap 5575532k(728k free)

vm_info: OpenJDK 64-Bit Server VM (25.152-b02) for windows-amd64 JRE (1.8.0_152-release-1024-b02), built by "builder" with MS VC++ 10.0 (VS2010)

time: Wed Jan 01 15:09:54 2020
elapsed time: 10 seconds (0d 0h 0m 10s)

